<?xml version="1.0" encoding="UTF-8"?>
<!-- Generated by org.testng.reporters.JUnitReportReporter -->
<testsuite hostname="LAPTOP-195HFNCL" failures="0" tests="2" name="testcase.Test1XSS" time="4.268" errors="0" timestamp="10 May 2023 12:02:08 GMT" skipped="0">
  <testcase classname="testcase.Test1XSS" name="testXSSReStored" time="0.004"/>
  <testcase classname="testcase.Test1XSS" name="testXSSReflected" time="4.264"/>
</testsuite> <!-- testcase.Test1XSS -->
