<?xml version="1.0" encoding="UTF-8"?>
<!-- Generated by org.testng.reporters.JUnitReportReporter -->
<testsuite hostname="LAPTOP-195HFNCL" failures="0" tests="1" name="testcase.Test2CSRF" time="0.253" errors="0" timestamp="10 May 2023 12:02:08 GMT" skipped="0">
  <testcase classname="testcase.Test2CSRF" name="testXSSReflected" time="0.253"/>
</testsuite> <!-- testcase.Test2CSRF -->
