<?xml version="1.0" encoding="UTF-8"?>
<!-- Generated by org.testng.reporters.JUnitReportReporter -->
<testsuite hostname="LAPTOP-195HFNCL" failures="0" tests="2" name="testcase.Test2CSRF" time="8.161" errors="0" timestamp="13 May 2023 20:34:00 GMT" skipped="0">
  <testcase classname="testcase.Test2CSRF" name="testCSRFMeduim" time="4.031"/>
  <testcase classname="testcase.Test2CSRF" name="testCSRFLow" time="4.130"/>
</testsuite> <!-- testcase.Test2CSRF -->
