<?xml version="1.0" encoding="UTF-8"?>
<!-- Generated by org.testng.reporters.JUnitReportReporter -->
<testsuite hostname="LAPTOP-195HFNCL" failures="0" tests="1" name="testcase.Test1XSS" time="31.812" errors="0" timestamp="24 May 2023 18:55:33 GMT" skipped="0">
  <testcase classname="testcase.Test1XSS" name="testXSSReflected" time="31.812"/>
</testsuite> <!-- testcase.Test1XSS -->
