<?xml version="1.0" encoding="UTF-8"?>
<!-- Generated by org.testng.reporters.JUnitReportReporter -->
<testsuite hostname="LAPTOP-195HFNCL" failures="0" tests="1" name="testcase.Test2CSRF" time="4.543" errors="0" timestamp="22 May 2023 08:40:47 GMT" skipped="0">
  <testcase classname="testcase.Test2CSRF" name="testCSRFLow" time="4.543"/>
</testsuite> <!-- testcase.Test2CSRF -->
