<?xml version="1.0" encoding="UTF-8"?>
<!-- Generated by org.testng.reporters.JUnitReportReporter -->
<testsuite hostname="LAPTOP-195HFNCL" failures="0" tests="1" name="testcase.Test5CSPBypass" time="3.048" errors="0" timestamp="16 May 2023 09:19:26 GMT" skipped="0">
  <testcase classname="testcase.Test5CSPBypass" name="CSPBypassLow" time="3.048"/>
</testsuite> <!-- testcase.Test5CSPBypass -->
