<?xml version="1.0" encoding="UTF-8"?>
<!-- Generated by org.testng.reporters.JUnitReportReporter -->
<testsuite hostname="LAPTOP-195HFNCL" failures="0" tests="2" name="testcase.XSSTest" time="4.556" errors="0" timestamp="05 May 2023 17:36:09 GMT" skipped="0">
  <testcase classname="testcase.XSSTest" name="testXSSReStored" time="0.008"/>
  <testcase classname="testcase.XSSTest" name="testXSSReflected" time="4.548"/>
</testsuite> <!-- testcase.XSSTest -->
