<?xml version="1.0" encoding="UTF-8"?>
<!-- Generated by org.testng.reporters.JUnitReportReporter -->
<testsuite hostname="LAPTOP-195HFNCL" failures="0" tests="1" name="testcase.Test4SQLinj$TestSQLInj" time="1.259" errors="0" timestamp="15 May 2023 10:08:17 GMT" skipped="0">
  <testcase classname="testcase.Test4SQLinj$TestSQLInj" name="sqlInjectionLow" time="1.259"/>
</testsuite> <!-- testcase.Test4SQLinj$TestSQLInj -->
