<?xml version="1.0" encoding="UTF-8"?>
<!-- Generated by org.testng.reporters.JUnitReportReporter -->
<testsuite hostname="LAPTOP-195HFNCL" failures="0" tests="1" name="testcase.Test5CSPBypass" time="33.663" errors="0" timestamp="22 May 2023 09:31:31 GMT" skipped="0">
  <testcase classname="testcase.Test5CSPBypass" name="CSPBypassLow" time="33.663"/>
</testsuite> <!-- testcase.Test5CSPBypass -->
