<?xml version="1.0" encoding="UTF-8"?>
<!-- Generated by org.testng.reporters.JUnitReportReporter -->
<testsuite hostname="LAPTOP-195HFNCL" failures="0" tests="1" name="testcase.XSSTest" time="0.553" errors="0" timestamp="16 Apr 2023 07:27:17 GMT" skipped="0">
  <testcase classname="testcase.XSSTest" name="testXSS" time="0.553"/>
</testsuite> <!-- testcase.XSSTest -->
