<?xml version="1.0" encoding="UTF-8"?>
<!-- Generated by org.testng.reporters.JUnitReportReporter -->
<testsuite hostname="LAPTOP-195HFNCL" failures="0" tests="2" name="testcase.Test1XSS" time="34.593" errors="0" timestamp="13 May 2023 17:40:32 GMT" skipped="0">
  <testcase classname="testcase.Test1XSS" name="testXSSReStored" time="0.004"/>
  <testcase classname="testcase.Test1XSS" name="testXSSReflected" time="34.589"/>
</testsuite> <!-- testcase.Test1XSS -->
