<?xml version="1.0" encoding="UTF-8"?>
<!-- Generated by org.testng.reporters.JUnitReportReporter -->
<testsuite hostname="LAPTOP-195HFNCL" failures="0" tests="2" name="testcase.Test3CommandInjection" time="11.446" errors="0" timestamp="14 May 2023 02:19:08 GMT" skipped="0">
  <testcase classname="testcase.Test3CommandInjection" name="commandInjectionLow" time="5.750"/>
  <testcase classname="testcase.Test3CommandInjection" name="commandInjectionmeduim" time="5.696"/>
</testsuite> <!-- testcase.Test3CommandInjection -->
