<?xml version="1.0" encoding="UTF-8"?>
<!-- Generated by org.testng.reporters.JUnitReportReporter -->
<testsuite hostname="LAPTOP-195HFNCL" failures="0" tests="2" name="testcase.Test3CMDinj" time="11.119" errors="0" timestamp="15 May 2023 10:07:39 GMT" skipped="0">
  <testcase classname="testcase.Test3CMDinj" name="commandInjectionLow" time="5.451"/>
  <testcase classname="testcase.Test3CMDinj" name="commandInjectionmeduim" time="5.668"/>
</testsuite> <!-- testcase.Test3CMDinj -->
