<?xml version="1.0" encoding="UTF-8"?>
<!-- Generated by org.testng.reporters.JUnitReportReporter -->
<testsuite hostname="LAPTOP-195HFNCL" failures="0" tests="1" name="testcase.Test3CMDinj" time="5.930" errors="0" timestamp="19 May 2023 17:41:26 GMT" skipped="0">
  <testcase classname="testcase.Test3CMDinj" name="commandInjectionmeduim" time="5.930"/>
</testsuite> <!-- testcase.Test3CMDinj -->
