<?xml version="1.0" encoding="UTF-8"?>
<!-- Generated by org.testng.reporters.JUnitReportReporter -->
<testsuite hostname="LAPTOP-195HFNCL" failures="0" tests="2" name="testcase.XSSTest" time="1.969" errors="0" timestamp="24 Apr 2023 19:29:33 GMT" skipped="0">
  <testcase classname="testcase.XSSTest" name="testXSSReStored" time="0.003"/>
  <testcase classname="testcase.XSSTest" name="testXSSReflected" time="1.966"/>
</testsuite> <!-- testcase.XSSTest -->
