<?xml version="1.0" encoding="UTF-8"?>
<!-- Generated by org.testng.reporters.JUnitReportReporter -->
<testsuite hostname="LAPTOP-195HFNCL" failures="0" tests="1" name="testcase.Test1XSS" time="7.277" errors="0" timestamp="18 May 2023 13:31:59 GMT" skipped="0">
  <testcase classname="testcase.Test1XSS" name="testXSSReStored" time="7.277"/>
</testsuite> <!-- testcase.Test1XSS -->
