<?xml version="1.0" encoding="UTF-8"?>
<!-- Generated by org.testng.reporters.JUnitReportReporter -->
<testsuite hostname="LAPTOP-195HFNCL" failures="0" tests="1" name="testcase.Test1XSS" time="31.918" errors="0" timestamp="22 May 2023 16:28:24 GMT" skipped="0">
  <testcase classname="testcase.Test1XSS" name="testXSSReflected" time="31.918"/>
</testsuite> <!-- testcase.Test1XSS -->
