<?xml version="1.0" encoding="UTF-8"?>
<!-- Generated by org.testng.reporters.JUnitReportReporter -->
<testsuite hostname="LAPTOP-195HFNCL" failures="0" tests="2" name="testcase.XSSTest" time="4.426" errors="0" timestamp="01 May 2023 23:21:44 GMT" skipped="0">
  <testcase classname="testcase.XSSTest" name="testXSSReStored" time="0.007"/>
  <testcase classname="testcase.XSSTest" name="testXSSReflected" time="4.419"/>
</testsuite> <!-- testcase.XSSTest -->
