<?xml version="1.0" encoding="UTF-8"?>
<!-- Generated by org.testng.reporters.JUnitReportReporter -->
<testsuite hostname="LAPTOP-195HFNCL" failures="0" tests="2" name="testcase.Test1XSS" time="3.381" errors="0" timestamp="16 May 2023 00:41:30 GMT" skipped="0">
  <testcase classname="testcase.Test1XSS" name="testXSSReflected" time="3.206"/>
  <testcase classname="testcase.Test1XSS" name="testXSSReStored" time="0.175"/>
</testsuite> <!-- testcase.Test1XSS -->
