<?xml version="1.0" encoding="UTF-8"?>
<!-- Generated by org.testng.reporters.JUnitReportReporter -->
<testsuite hostname="LAPTOP-195HFNCL" failures="0" tests="2" name="testcase.Test3CommandInjection" time="10.230" errors="0" timestamp="14 May 2023 00:14:17 GMT" skipped="0">
  <testcase classname="testcase.Test3CommandInjection" name="commandInjectionLow" time="5.732"/>
  <testcase classname="testcase.Test3CommandInjection" name="commandInjectionmeduim" time="4.498"/>
</testsuite> <!-- testcase.Test3CommandInjection -->
