<?xml version="1.0" encoding="UTF-8"?>
<!-- Generated by org.testng.reporters.JUnitReportReporter -->
<testsuite hostname="LAPTOP-195HFNCL" failures="0" tests="1" name="testcase.XSSTest" time="0.200" errors="0" timestamp="11 Apr 2023 22:17:07 GMT" skipped="0">
  <testcase classname="testcase.XSSTest" name="testXSS" time="0.200"/>
</testsuite> <!-- testcase.XSSTest -->
