<?xml version="1.0" encoding="UTF-8"?>
<!-- Generated by org.testng.reporters.JUnitReportReporter -->
<testsuite hostname="LAPTOP-195HFNCL" failures="0" tests="2" name="testcase.Test4SQLinj$TestSQLInj" time="0.884" errors="0" timestamp="14 May 2023 05:20:46 GMT" skipped="0">
  <testcase classname="testcase.Test4SQLinj$TestSQLInj" name="sqlInjectionHigh" time="0.540"/>
  <testcase classname="testcase.Test4SQLinj$TestSQLInj" name="sqlInjectionLow" time="0.344"/>
</testsuite> <!-- testcase.Test4SQLinj$TestSQLInj -->
