<?xml version="1.0" encoding="UTF-8"?>
<!-- Generated by org.testng.reporters.JUnitReportReporter -->
<testsuite hostname="LAPTOP-195HFNCL" failures="0" tests="1" name="testcase.Test2CSRF" time="3.989" errors="0" timestamp="15 May 2023 14:43:11 GMT" skipped="0">
  <testcase classname="testcase.Test2CSRF" name="testCSRFLow" time="3.989"/>
</testsuite> <!-- testcase.Test2CSRF -->
