<?xml version="1.0" encoding="UTF-8"?>
<!-- Generated by org.testng.reporters.JUnitReportReporter -->
<testsuite hostname="LAPTOP-195HFNCL" failures="0" tests="1" name="testcase.Test3CMDinj" time="5.521" errors="0" timestamp="16 May 2023 03:47:23 GMT" skipped="0">
  <testcase classname="testcase.Test3CMDinj" name="commandInjectionLow" time="5.521"/>
</testsuite> <!-- testcase.Test3CMDinj -->
