<?xml version="1.0" encoding="UTF-8"?>
<!-- Generated by org.testng.reporters.JUnitReportReporter -->
<testsuite hostname="LAPTOP-195HFNCL" failures="0" tests="2" name="testcase.Test3CmndInj" time="8.439" errors="0" timestamp="14 May 2023 02:24:56 GMT" skipped="0">
  <testcase classname="testcase.Test3CmndInj" name="commandInjectionmeduim" time="2.693"/>
  <testcase classname="testcase.Test3CmndInj" name="commandInjectionLow" time="5.746"/>
</testsuite> <!-- testcase.Test3CmndInj -->
