<?xml version="1.0" encoding="UTF-8"?>
<!-- Generated by org.testng.reporters.JUnitReportReporter -->
<testsuite hostname="LAPTOP-195HFNCL" failures="0" tests="1" name="testcase.Test3CMDinj" time="6.076" errors="0" timestamp="22 May 2023 08:48:11 GMT" skipped="0">
  <testcase classname="testcase.Test3CMDinj" name="commandInjectionmeduim" time="6.076"/>
</testsuite> <!-- testcase.Test3CMDinj -->
