<?xml version="1.0" encoding="UTF-8"?>
<!-- Generated by org.testng.reporters.JUnitReportReporter -->
<testsuite hostname="LAPTOP-195HFNCL" failures="0" tests="1" name="testcase.Test1XSS" time="2.617" errors="0" timestamp="26 May 2023 03:13:29 GMT" skipped="0">
  <testcase classname="testcase.Test1XSS" name="testXSSReflected" time="2.617"/>
</testsuite> <!-- testcase.Test1XSS -->
