<?xml version="1.0" encoding="UTF-8"?>
<!-- Generated by org.testng.reporters.JUnitReportReporter -->
<testsuite hostname="LAPTOP-195HFNCL" failures="0" tests="2" name="testcase.XSSTest" time="4.177" errors="0" timestamp="10 May 2023 10:53:36 GMT" skipped="0">
  <testcase classname="testcase.XSSTest" name="testXSSReStored" time="0.005"/>
  <testcase classname="testcase.XSSTest" name="testXSSReflected" time="4.172"/>
</testsuite> <!-- testcase.XSSTest -->
